<?xml version="1.0" encoding="UTF-8"?>
<!-- Generated by org.testng.reporters.JUnitReportReporter -->
<testsuite hostname="8cf26583f1a3" failures="0" tests="15" name="com.test.flightreserve.BookFlightTicket" time="47.378" errors="0" timestamp="2025-10-18T15:53:57 GMT" skipped="0">
  <testcase classname="com.test.flightreserve.BookFlightTicket" name="registrationPage" time="4.880"/>
  <testcase classname="com.test.flightreserve.BookFlightTicket" name="flightSelect" time="2.495"/>
  <testcase classname="com.test.flightreserve.BookFlightTicket" name="flightSelect" time="2.480"/>
  <testcase classname="com.test.flightreserve.BookFlightTicket" name="registrationPage" time="5.296"/>
  <testcase classname="com.test.flightreserve.BookFlightTicket" name="flightSearch" time="3.680"/>
  <testcase classname="com.test.flightreserve.BookFlightTicket" name="flightSelect" time="2.320"/>
  <testcase classname="com.test.flightreserve.BookFlightTicket" name="flightConformation" time="2.224"/>
  <testcase classname="com.test.flightreserve.BookFlightTicket" name="registrationPageConformation" time="2.469"/>
  <testcase classname="com.test.flightreserve.BookFlightTicket" name="flightConformation" time="2.243"/>
  <testcase classname="com.test.flightreserve.BookFlightTicket" name="registrationPageConformation" time="2.159"/>
  <testcase classname="com.test.flightreserve.BookFlightTicket" name="flightSearch" time="3.741"/>
  <testcase classname="com.test.flightreserve.BookFlightTicket" name="registrationPage" time="4.899"/>
  <testcase classname="com.test.flightreserve.BookFlightTicket" name="registrationPageConformation" time="2.442"/>
  <testcase classname="com.test.flightreserve.BookFlightTicket" name="flightSearch" time="3.236"/>
  <testcase classname="com.test.flightreserve.BookFlightTicket" name="flightConformation" time="2.814"/>
</testsuite> <!-- com.test.flightreserve.BookFlightTicket -->
