<!DOCTYPE suite SYSTEM "https://testng.org/testng-1.0.dtd" >
<!--<suite name="vendor-application-suite">-->
<suite name="vendor-application-suite" parallel="tests" thread-count="3">
    <test name="vendor-portal test-sam">
        <parameter name="testDataPath" value="test-data/vendor-application-data/sam.json"></parameter>
        <classes>
            <class name="com.test.vendorapplication.VendorApplicationTest">
            </class>
        </classes>
    </test>
    <test name="vendor-portal test-john">
        <parameter name="testDataPath" value="test-data/vendor-application-data/john.json"></parameter>
        <classes>
            <class name="com.test.vendorapplication.VendorApplicationTest">
            </class>
        </classes>
    </test>
    <test name="vendor-portal test-mike">
        <parameter name="testDataPath" value="test-data/vendor-application-data/mike.json"></parameter>
        <classes>
            <class name="com.test.vendorapplication.VendorApplicationTest">
            </class>
        </classes>
    </test>
</suite>